<?xml version="1.0" encoding="UTF-8"?>
<robot generator="Robot 5.0.1 (Python 3.7.5 on linux)" generated="20220719 13:42:41.223" rpa="false" schemaversion="3">
<suite id="s1" name="Robot Interactive Console" source="/home/kallet/.vscode/extensions/robocorp.robotframework-lsp-0.48.2/src/robotframework_ls/vendored/robotframework_interactive/robot_interactive_console.robot">
<test id="s1-t1" name="Default Task/Test" line="5">
<kw name="Interpreter Main Loop" library="MainLoop">
<kw name="Get Secret" library="RPA.Robocloud.Secrets">
<var>${csv_url}</var>
<arg>cert2address</arg>
<doc>Read a secret from the configured source, e.g. Robocorp Vault,
and return it as a ``Secret`` object.</doc>
<status status="PASS" starttime="20220719 13:42:54.917" endtime="20220719 13:42:54.919"/>
</kw>
<kw name="Log To Console" library="BuiltIn">
<arg>${csv_url}</arg>
<doc>Logs the given message to the console.</doc>
<status status="PASS" starttime="20220719 13:43:22.244" endtime="20220719 13:43:22.246"/>
</kw>
<kw name="Log To Console" library="BuiltIn">
<arg>${csv_url}[value]</arg>
<doc>Logs the given message to the console.</doc>
<status status="PASS" starttime="20220719 13:43:44.482" endtime="20220719 13:43:44.489"/>
</kw>
<status status="PASS" starttime="20220719 13:42:41.252" endtime="20220719 15:10:46.102"/>
</kw>
<status status="PASS" starttime="20220719 13:42:41.251" endtime="20220719 15:10:46.103"/>
</test>
<status status="PASS" starttime="20220719 13:42:41.224" endtime="20220719 15:10:46.105"/>
</suite>
<statistics>
<total>
<stat pass="1" fail="0" skip="0">All Tests</stat>
</total>
<tag>
</tag>
<suite>
<stat pass="1" fail="0" skip="0" id="s1" name="Robot Interactive Console">Robot Interactive Console</stat>
</suite>
</statistics>
<errors>
</errors>
</robot>
